c:\users\ryancor\desktop\exercises\c-programming\mock-ransomware\ransomware\ransomware\release\ransomware.pch
c:\users\ryancor\desktop\exercises\c-programming\mock-ransomware\ransomware\ransomware\release\vc141.pdb
c:\users\ryancor\desktop\exercises\c-programming\mock-ransomware\ransomware\ransomware\release\stdafx.obj
c:\users\ryancor\desktop\exercises\c-programming\mock-ransomware\ransomware\ransomware\release\ransomware.obj
c:\users\ryancor\desktop\exercises\c-programming\mock-ransomware\ransomware\ransomware\release\misc.obj
c:\users\ryancor\desktop\exercises\c-programming\mock-ransomware\ransomware\ransomware\release\kill_switch.obj
c:\users\ryancor\desktop\exercises\c-programming\mock-ransomware\ransomware\ransomware\release\attack.obj
c:\users\ryancor\desktop\exercises\c-programming\mock-ransomware\ransomware\ransomware\release\anti_checks.obj
c:\users\ryancor\desktop\exercises\c-programming\mock-ransomware\ransomware\release\ransomware.pdb
c:\users\ryancor\desktop\exercises\c-programming\mock-ransomware\ransomware\ransomware\release\ransomware.tlog\cl.command.1.tlog
c:\users\ryancor\desktop\exercises\c-programming\mock-ransomware\ransomware\ransomware\release\ransomware.tlog\cl.read.1.tlog
c:\users\ryancor\desktop\exercises\c-programming\mock-ransomware\ransomware\ransomware\release\ransomware.tlog\cl.write.1.tlog
c:\users\ryancor\desktop\exercises\c-programming\mock-ransomware\ransomware\ransomware\release\ransomware.tlog\link-cvtres.read.1.tlog
c:\users\ryancor\desktop\exercises\c-programming\mock-ransomware\ransomware\ransomware\release\ransomware.tlog\link-cvtres.write.1.tlog
c:\users\ryancor\desktop\exercises\c-programming\mock-ransomware\ransomware\ransomware\release\ransomware.tlog\link-rc.read.1.tlog
c:\users\ryancor\desktop\exercises\c-programming\mock-ransomware\ransomware\ransomware\release\ransomware.tlog\link-rc.write.1.tlog
c:\users\ryancor\desktop\exercises\c-programming\mock-ransomware\ransomware\ransomware\release\ransomware.tlog\link.command.1.tlog
c:\users\ryancor\desktop\exercises\c-programming\mock-ransomware\ransomware\ransomware\release\ransomware.tlog\link.read.1.tlog
c:\users\ryancor\desktop\exercises\c-programming\mock-ransomware\ransomware\ransomware\release\ransomware.tlog\link.write.1.tlog
c:\users\ryancor\desktop\exercises\c-programming\mock-ransomware\ransomware\ransomware\release\ransomware.tlog\ransomware.write.1u.tlog
c:\users\ryancor\desktop\exercises\c-programming\mock-ransomware\ransomware\ransomware\release\ransomware.tlog\rc.command.1.tlog
c:\users\ryancor\desktop\exercises\c-programming\mock-ransomware\ransomware\ransomware\release\ransomware.tlog\rc.read.1.tlog
c:\users\ryancor\desktop\exercises\c-programming\mock-ransomware\ransomware\ransomware\release\ransomware.tlog\rc.write.1.tlog
